Added Component: Designator=C1(C 0805)
Add component (AddParameter): Name = "BOM名称"; Value = "无极性贴片电容"; VariantName = "[No Variations]"
Add component (AddParameter): Name = "版权归属"; Value = "源创客"; VariantName = "[No Variations]"
Add component (AddParameter): Name = "学习资源"; Value = "www.ooocke.com"; VariantName = "[No Variations]"
Added Component: Designator=C2(C 0805)
Add component (AddParameter): Name = "BOM名称"; Value = "无极性贴片电容"; VariantName = "[No Variations]"
Add component (AddParameter): Name = "版权归属"; Value = "源创客"; VariantName = "[No Variations]"
Add component (AddParameter): Name = "学习资源"; Value = "www.ooocke.com"; VariantName = "[No Variations]"
Added Component: Designator=C3(C 0805)
Add component (AddParameter): Name = "BOM名称"; Value = "无极性贴片电容"; VariantName = "[No Variations]"
Add component (AddParameter): Name = "版权归属"; Value = "源创客"; VariantName = "[No Variations]"
Add component (AddParameter): Name = "学习资源"; Value = "www.ooocke.com"; VariantName = "[No Variations]"
Added Component: Designator=C4(C 0805)
Add component (AddParameter): Name = "BOM名称"; Value = "无极性贴片电容"; VariantName = "[No Variations]"
Add component (AddParameter): Name = "版权归属"; Value = "源创客"; VariantName = "[No Variations]"
Add component (AddParameter): Name = "学习资源"; Value = "www.ooocke.com"; VariantName = "[No Variations]"
Added Component: Designator=C5(C 0805)
Add component (AddParameter): Name = "BOM名称"; Value = "无极性贴片电容"; VariantName = "[No Variations]"
Add component (AddParameter): Name = "版权归属"; Value = "源创客"; VariantName = "[No Variations]"
Add component (AddParameter): Name = "学习资源"; Value = "www.ooocke.com"; VariantName = "[No Variations]"
Added Component: Designator=C6(C 0805)
Add component (AddParameter): Name = "BOM名称"; Value = "无极性贴片电容"; VariantName = "[No Variations]"
Add component (AddParameter): Name = "版权归属"; Value = "源创客"; VariantName = "[No Variations]"
Add component (AddParameter): Name = "学习资源"; Value = "www.ooocke.com"; VariantName = "[No Variations]"
Added Component: Designator=C7(1206)
Added Component: Designator=C8(0603C)
Add component (AddParameter): Name = "类型"; Value = "电容"; VariantName = "[No Variations]"
Added Component: Designator=C9(0603C)
Added Component: Designator=C10(C 0805)
Add component (AddParameter): Name = "BOM名称"; Value = "无极性贴片电容"; VariantName = "[No Variations]"
Add component (AddParameter): Name = "版权归属"; Value = "源创客"; VariantName = "[No Variations]"
Add component (AddParameter): Name = "学习资源"; Value = "www.ooocke.com"; VariantName = "[No Variations]"
Added Component: Designator=C11(C 0805)
Add component (AddParameter): Name = "BOM名称"; Value = "无极性贴片电容"; VariantName = "[No Variations]"
Add component (AddParameter): Name = "版权归属"; Value = "源创客"; VariantName = "[No Variations]"
Add component (AddParameter): Name = "学习资源"; Value = "www.ooocke.com"; VariantName = "[No Variations]"
Added Component: Designator=C12(C 0805)
Add component (AddParameter): Name = "BOM名称"; Value = "无极性贴片电容"; VariantName = "[No Variations]"
Add component (AddParameter): Name = "版权归属"; Value = "源创客"; VariantName = "[No Variations]"
Add component (AddParameter): Name = "学习资源"; Value = "www.ooocke.com"; VariantName = "[No Variations]"
Added Component: Designator=C13(C 0805)
Add component (AddParameter): Name = "BOM名称"; Value = "无极性贴片电容"; VariantName = "[No Variations]"
Add component (AddParameter): Name = "版权归属"; Value = "源创客"; VariantName = "[No Variations]"
Add component (AddParameter): Name = "学习资源"; Value = "www.ooocke.com"; VariantName = "[No Variations]"
Added Component: Designator=C14(C 0805)
Add component (AddParameter): Name = "BOM名称"; Value = "无极性贴片电容"; VariantName = "[No Variations]"
Add component (AddParameter): Name = "版权归属"; Value = "源创客"; VariantName = "[No Variations]"
Add component (AddParameter): Name = "学习资源"; Value = "www.ooocke.com"; VariantName = "[No Variations]"
Added Component: Designator=C15(C 0805)
Add component (AddParameter): Name = "BOM名称"; Value = "无极性贴片电容"; VariantName = "[No Variations]"
Add component (AddParameter): Name = "版权归属"; Value = "源创客"; VariantName = "[No Variations]"
Add component (AddParameter): Name = "学习资源"; Value = "www.ooocke.com"; VariantName = "[No Variations]"
Added Component: Designator=C16(C 0805)
Add component (AddParameter): Name = "BOM名称"; Value = "无极性贴片电容"; VariantName = "[No Variations]"
Add component (AddParameter): Name = "版权归属"; Value = "源创客"; VariantName = "[No Variations]"
Add component (AddParameter): Name = "学习资源"; Value = "www.ooocke.com"; VariantName = "[No Variations]"
Added Component: Designator=C17(C 0805)
Add component (AddParameter): Name = "BOM名称"; Value = "无极性贴片电容"; VariantName = "[No Variations]"
Add component (AddParameter): Name = "版权归属"; Value = "源创客"; VariantName = "[No Variations]"
Add component (AddParameter): Name = "学习资源"; Value = "www.ooocke.com"; VariantName = "[No Variations]"
Added Component: Designator=C18(C 0805)
Add component (AddParameter): Name = "BOM名称"; Value = "无极性贴片电容"; VariantName = "[No Variations]"
Add component (AddParameter): Name = "版权归属"; Value = "源创客"; VariantName = "[No Variations]"
Add component (AddParameter): Name = "学习资源"; Value = "www.ooocke.com"; VariantName = "[No Variations]"
Added Component: Designator=C19(C 0805)
Add component (AddParameter): Name = "BOM名称"; Value = "无极性贴片电容"; VariantName = "[No Variations]"
Add component (AddParameter): Name = "版权归属"; Value = "源创客"; VariantName = "[No Variations]"
Add component (AddParameter): Name = "学习资源"; Value = "www.ooocke.com"; VariantName = "[No Variations]"
Added Component: Designator=C20(C 0805)
Add component (AddParameter): Name = "BOM名称"; Value = "无极性贴片电容"; VariantName = "[No Variations]"
Add component (AddParameter): Name = "版权归属"; Value = "源创客"; VariantName = "[No Variations]"
Add component (AddParameter): Name = "学习资源"; Value = "www.ooocke.com"; VariantName = "[No Variations]"
Added Component: Designator=C21(C 0805)
Add component (AddParameter): Name = "BOM名称"; Value = "无极性贴片电容"; VariantName = "[No Variations]"
Add component (AddParameter): Name = "版权归属"; Value = "源创客"; VariantName = "[No Variations]"
Add component (AddParameter): Name = "学习资源"; Value = "www.ooocke.com"; VariantName = "[No Variations]"
Added Component: Designator=C22(0603C)
Add component (AddParameter): Name = "类型"; Value = "电容"; VariantName = "[No Variations]"
Added Component: Designator=C23(0603C)
Added Component: Designator=C24(3528)
Added Component: Designator=C25(0603C)
Added Component: Designator=C26(0603C)
Added Component: Designator=C27(C 0805)
Add component (AddParameter): Name = "BOM名称"; Value = "无极性贴片电容"; VariantName = "[No Variations]"
Add component (AddParameter): Name = "版权归属"; Value = "源创客"; VariantName = "[No Variations]"
Add component (AddParameter): Name = "学习资源"; Value = "www.ooocke.com"; VariantName = "[No Variations]"
Added Component: Designator=C28(C 0805)
Add component (AddParameter): Name = "BOM名称"; Value = "无极性贴片电容"; VariantName = "[No Variations]"
Add component (AddParameter): Name = "版权归属"; Value = "源创客"; VariantName = "[No Variations]"
Add component (AddParameter): Name = "学习资源"; Value = "www.ooocke.com"; VariantName = "[No Variations]"
Added Component: Designator=C29(C 0805)
Add component (AddParameter): Name = "BOM名称"; Value = "无极性贴片电容"; VariantName = "[No Variations]"
Add component (AddParameter): Name = "版权归属"; Value = "源创客"; VariantName = "[No Variations]"
Add component (AddParameter): Name = "学习资源"; Value = "www.ooocke.com"; VariantName = "[No Variations]"
Added Component: Designator=C30(C 0805)
Add component (AddParameter): Name = "BOM名称"; Value = "无极性贴片电容"; VariantName = "[No Variations]"
Add component (AddParameter): Name = "版权归属"; Value = "源创客"; VariantName = "[No Variations]"
Add component (AddParameter): Name = "学习资源"; Value = "www.ooocke.com"; VariantName = "[No Variations]"
Added Component: Designator=C31(0603C)
Added Component: Designator=CR1(CR2032 电池座)
Added Component: Designator=D1(0805D)
Added Component: Designator=D2(DO-214AC-SMA)
Added Component: Designator=DC1(DC-005)
Added Component: Designator=E1(CM D(6.3*7.7))
Add component (AddParameter): Name = "BOM名称"; Value = "直插固态电容"; VariantName = "[No Variations]"
Add component (AddParameter): Name = "版权归属"; Value = "源创客"; VariantName = "[No Variations]"
Add component (AddParameter): Name = "学习资源"; Value = "www.ooocke.com"; VariantName = "[No Variations]"
Added Component: Designator=E2(CM D(6.3*7.7))
Add component (AddParameter): Name = "BOM名称"; Value = "直插固态电容"; VariantName = "[No Variations]"
Add component (AddParameter): Name = "版权归属"; Value = "源创客"; VariantName = "[No Variations]"
Add component (AddParameter): Name = "学习资源"; Value = "www.ooocke.com"; VariantName = "[No Variations]"
Added Component: Designator=K1(按键)
Added Component: Designator=K2(按键)
Added Component: Designator=K3(按键)
Added Component: Designator=K4(按键)
Added Component: Designator=K5(按键)
Added Component: Designator=K6(按键)
Added Component: Designator=L1(L100)
Added Component: Designator=L2(CDRH125)
Add component (AddParameter): Name = "BOM名称"; Value = "小功率贴片电感"; VariantName = "[No Variations]"
Add component (AddParameter): Name = "版权归属"; Value = "源创客"; VariantName = "[No Variations]"
Add component (AddParameter): Name = "学习资源"; Value = "www.ooocke.com"; VariantName = "[No Variations]"
Added Component: Designator=LED1(0805D)
Add component (AddParameter): Name = "LatestRevisionDate"; Value = "08-Jul-2005"; VariantName = "[No Variations]"
Add component (AddParameter): Name = "LatestRevisionNote"; Value = "Mech Layer 1 removed."; VariantName = "[No Variations]"
Add component (AddParameter): Name = "PackageDescription"; Value = "LED; 2 Leads"; VariantName = "[No Variations]"
Add component (AddParameter): Name = "PackageReference"; Value = "LED-0"; VariantName = "[No Variations]"
Add component (AddParameter): Name = "Published"; Value = "8-Jun-2000"; VariantName = "[No Variations]"
Add component (AddParameter): Name = "Publisher"; Value = "Altium Limited"; VariantName = "[No Variations]"
Added Component: Designator=LED2(0805D)
Add component (AddParameter): Name = "LatestRevisionDate"; Value = "08-Jul-2005"; VariantName = "[No Variations]"
Add component (AddParameter): Name = "LatestRevisionNote"; Value = "Mech Layer 1 removed."; VariantName = "[No Variations]"
Add component (AddParameter): Name = "PackageDescription"; Value = "LED; 2 Leads"; VariantName = "[No Variations]"
Add component (AddParameter): Name = "PackageReference"; Value = "LED-0"; VariantName = "[No Variations]"
Add component (AddParameter): Name = "Published"; Value = "8-Jun-2000"; VariantName = "[No Variations]"
Add component (AddParameter): Name = "Publisher"; Value = "Altium Limited"; VariantName = "[No Variations]"
Added Component: Designator=LED3(0805D)
Add component (AddParameter): Name = "LatestRevisionDate"; Value = "08-Jul-2005"; VariantName = "[No Variations]"
Add component (AddParameter): Name = "LatestRevisionNote"; Value = "Mech Layer 1 removed."; VariantName = "[No Variations]"
Add component (AddParameter): Name = "PackageDescription"; Value = "LED; 2 Leads"; VariantName = "[No Variations]"
Add component (AddParameter): Name = "PackageReference"; Value = "LED-0"; VariantName = "[No Variations]"
Add component (AddParameter): Name = "Published"; Value = "8-Jun-2000"; VariantName = "[No Variations]"
Add component (AddParameter): Name = "Publisher"; Value = "Altium Limited"; VariantName = "[No Variations]"
Added Component: Designator=LED4(0805D)
Add component (AddParameter): Name = "LatestRevisionDate"; Value = "08-Jul-2005"; VariantName = "[No Variations]"
Add component (AddParameter): Name = "LatestRevisionNote"; Value = "Mech Layer 1 removed."; VariantName = "[No Variations]"
Add component (AddParameter): Name = "PackageDescription"; Value = "LED; 2 Leads"; VariantName = "[No Variations]"
Add component (AddParameter): Name = "PackageReference"; Value = "LED-0"; VariantName = "[No Variations]"
Add component (AddParameter): Name = "Published"; Value = "8-Jun-2000"; VariantName = "[No Variations]"
Add component (AddParameter): Name = "Publisher"; Value = "Altium Limited"; VariantName = "[No Variations]"
Added Component: Designator=LED5(0805D)
Add component (AddParameter): Name = "LatestRevisionDate"; Value = "08-Jul-2005"; VariantName = "[No Variations]"
Add component (AddParameter): Name = "LatestRevisionNote"; Value = "Mech Layer 1 removed."; VariantName = "[No Variations]"
Add component (AddParameter): Name = "PackageDescription"; Value = "LED; 2 Leads"; VariantName = "[No Variations]"
Add component (AddParameter): Name = "PackageReference"; Value = "LED-0"; VariantName = "[No Variations]"
Add component (AddParameter): Name = "Published"; Value = "8-Jun-2000"; VariantName = "[No Variations]"
Add component (AddParameter): Name = "Publisher"; Value = "Altium Limited"; VariantName = "[No Variations]"
Added Component: Designator=LED6(0805D)
Add component (AddParameter): Name = "LatestRevisionDate"; Value = "08-Jul-2005"; VariantName = "[No Variations]"
Add component (AddParameter): Name = "LatestRevisionNote"; Value = "Mech Layer 1 removed."; VariantName = "[No Variations]"
Add component (AddParameter): Name = "PackageDescription"; Value = "LED; 2 Leads"; VariantName = "[No Variations]"
Add component (AddParameter): Name = "PackageReference"; Value = "LED-0"; VariantName = "[No Variations]"
Add component (AddParameter): Name = "Published"; Value = "8-Jun-2000"; VariantName = "[No Variations]"
Add component (AddParameter): Name = "Publisher"; Value = "Altium Limited"; VariantName = "[No Variations]"
Added Component: Designator=LED7(0603-led)
Added Component: Designator=NX1(PCBComponent_1)
Added Component: Designator=NX2(PCBComponent_1)
Added Component: Designator=NX3(PCBComponent_1)
Added Component: Designator=NX4(PCBComponent_1)
Added Component: Designator=P1(HDR1X4)
Add component (AddParameter): Name = "LatestRevisionDate"; Value = "17-Jul-2002"; VariantName = "[No Variations]"
Add component (AddParameter): Name = "LatestRevisionNote"; Value = "Re-released for DXP Platform."; VariantName = "[No Variations]"
Add component (AddParameter): Name = "Publisher"; Value = "Altium Limited"; VariantName = "[No Variations]"
Added Component: Designator=P2(HDR2X3)
Add component (AddParameter): Name = "LatestRevisionDate"; Value = "17-Jul-2002"; VariantName = "[No Variations]"
Add component (AddParameter): Name = "LatestRevisionNote"; Value = "Re-released for DXP Platform."; VariantName = "[No Variations]"
Add component (AddParameter): Name = "Publisher"; Value = "Altium Limited"; VariantName = "[No Variations]"
Added Component: Designator=P3(HDR1X4)
Add component (AddParameter): Name = "LatestRevisionDate"; Value = "17-Jul-2002"; VariantName = "[No Variations]"
Add component (AddParameter): Name = "LatestRevisionNote"; Value = "Re-released for DXP Platform."; VariantName = "[No Variations]"
Add component (AddParameter): Name = "Publisher"; Value = "Altium Limited"; VariantName = "[No Variations]"
Added Component: Designator=Q1(SOT-23)
Added Component: Designator=Q2(SOT-23)
Added Component: Designator=Q3(SOT-23)
Added Component: Designator=Q4(SOT-23)
Added Component: Designator=Q5(SOT-23)
Added Component: Designator=Q6(SOT-23)
Added Component: Designator=Q7(SOT-23)
Added Component: Designator=Q8(SOT-23)
Added Component: Designator=Q9(SOT-23)
Added Component: Designator=Q10(SOT-23)
Added Component: Designator=Q11(SOT-23)
Added Component: Designator=Q12(SOT-23)
Added Component: Designator=Q13(SOT-23)
Added Component: Designator=Q14(SOT-23)
Added Component: Designator=Q15(SOT-23)
Added Component: Designator=Q16(SOT-23)
Added Component: Designator=Q17(SOT-23)
Added Component: Designator=Q18(SOT-23)
Added Component: Designator=Q19(SOT-23)
Added Component: Designator=Q20(SOT-23)
Added Component: Designator=Q21(SOT-23)
Added Component: Designator=Q22(SOT-23)
Added Component: Designator=Q23(SOT-23)
Added Component: Designator=Q24(SOT-23)
Added Component: Designator=Q25(SOT-23)
Added Component: Designator=Q26(SOT-23)
Added Component: Designator=Q27(SOT-23)
Added Component: Designator=Q28(SOT-23)
Added Component: Designator=Q29(SOT-23)
Added Component: Designator=Q30(SOT-23)
Added Component: Designator=Q31(SOT-23)
Added Component: Designator=Q32(SOT-23)
Added Component: Designator=Q33(SOT-23)
Added Component: Designator=Q34(SOT-23)
Added Component: Designator=Q35(SOT-23)
Added Component: Designator=Q36(SOT-23)
Added Component: Designator=Q37(SOT-23)
Added Component: Designator=Q38(SOT-23)
Added Component: Designator=Q39(SOT-23)
Added Component: Designator=Q40(SOT-23)
Added Component: Designator=Q41(SOT-23)
Added Component: Designator=Q42(SOT-23)
Added Component: Designator=Q43(SOT-23)
Added Component: Designator=Q44(SOT-23)
Added Component: Designator=Q45(D-PAK)
Add component (AddParameter): Name = "ComponentLink1Description"; Value = "Manufacturer Link"; VariantName = "[No Variations]"
Add component (AddParameter): Name = "ComponentLink1URL"; Value = "http://www.semiconductors.philips.com/"; VariantName = "[No Variations]"
Add component (AddParameter): Name = "ComponentLink2Description"; Value = "Datasheet"; VariantName = "[No Variations]"
Add component (AddParameter): Name = "ComponentLink2URL"; Value = "http://www.semiconductors.philips.com/acrobat/datasheets/BSH201_3.pdf"; VariantName = "[No Variations]"
Add component (AddParameter): Name = "DatasheetVersion"; Value = "Aug-1998"; VariantName = "[No Variations]"
Add component (AddParameter): Name = "LatestRevisionDate"; Value = "12-Dec-2006"; VariantName = "[No Variations]"
Add component (AddParameter): Name = "LatestRevisionNote"; Value = "IPC-7351 Footprint Added."; VariantName = "[No Variations]"
Add component (AddParameter): Name = "PackageDescription"; Value = "3-Pin SOT-23 Package 0.95 mm Pitch, 2.3 mm Lead Span"; VariantName = "[No Variations]"
Add component (AddParameter): Name = "PackageReference"; Value = "SOT23"; VariantName = "[No Variations]"
Add component (AddParameter): Name = "PackageVersion"; Value = "May-1999"; VariantName = "[No Variations]"
Add component (AddParameter): Name = "Published"; Value = "17-Sep-2003"; VariantName = "[No Variations]"
Add component (AddParameter): Name = "Publisher"; Value = "Altium Limited"; VariantName = "[No Variations]"
Added Component: Designator=R1(R 0603)
Add component (AddParameter): Name = "Value"; Value = "20K"; VariantName = "[No Variations]"
Added Component: Designator=R2(R 0603)
Add component (AddParameter): Name = "Value"; Value = "1K"; VariantName = "[No Variations]"
Added Component: Designator=R3(R 0603)
Add component (AddParameter): Name = "Value"; Value = "1K"; VariantName = "[No Variations]"
Added Component: Designator=R4(R 0603)
Add component (AddParameter): Name = "Value"; Value = "1K"; VariantName = "[No Variations]"
Added Component: Designator=R5(R 0603)
Add component (AddParameter): Name = "Value"; Value = "1K"; VariantName = "[No Variations]"
Added Component: Designator=R6(R 0603)
Add component (AddParameter): Name = "Value"; Value = "1K"; VariantName = "[No Variations]"
Added Component: Designator=R7(R 0603)
Add component (AddParameter): Name = "Value"; Value = "1K"; VariantName = "[No Variations]"
Added Component: Designator=R8(R 0603)
Add component (AddParameter): Name = "Value"; Value = "1K"; VariantName = "[No Variations]"
Added Component: Designator=R9(R 0603)
Add component (AddParameter): Name = "Value"; Value = "1K"; VariantName = "[No Variations]"
Added Component: Designator=R10(R 0603)
Add component (AddParameter): Name = "Value"; Value = "1K"; VariantName = "[No Variations]"
Added Component: Designator=R11(R 0603)
Add component (AddParameter): Name = "Value"; Value = "1K"; VariantName = "[No Variations]"
Added Component: Designator=R12(R 0603)
Add component (AddParameter): Name = "Value"; Value = "1K"; VariantName = "[No Variations]"
Added Component: Designator=R13(R 0603)
Add component (AddParameter): Name = "Value"; Value = "20K"; VariantName = "[No Variations]"
Added Component: Designator=R14(R 0603)
Add component (AddParameter): Name = "Value"; Value = "1K"; VariantName = "[No Variations]"
Added Component: Designator=R15(R 0603)
Add component (AddParameter): Name = "Value"; Value = "1K"; VariantName = "[No Variations]"
Added Component: Designator=R16(R 0603)
Add component (AddParameter): Name = "Value"; Value = "1K"; VariantName = "[No Variations]"
Added Component: Designator=R17(R 0603)
Add component (AddParameter): Name = "Value"; Value = "1K"; VariantName = "[No Variations]"
Added Component: Designator=R18(R 0603)
Add component (AddParameter): Name = "Value"; Value = "1K"; VariantName = "[No Variations]"
Added Component: Designator=R19(R 0603)
Add component (AddParameter): Name = "Value"; Value = "1K"; VariantName = "[No Variations]"
Added Component: Designator=R20(R 0603)
Add component (AddParameter): Name = "Value"; Value = "1K"; VariantName = "[No Variations]"
Added Component: Designator=R21(R 0603)
Add component (AddParameter): Name = "Value"; Value = "1K"; VariantName = "[No Variations]"
Added Component: Designator=R22(R 0603)
Add component (AddParameter): Name = "Value"; Value = "1K"; VariantName = "[No Variations]"
Added Component: Designator=R23(R 0603)
Add component (AddParameter): Name = "Value"; Value = "1K"; VariantName = "[No Variations]"
Added Component: Designator=R24(R 0603)
Add component (AddParameter): Name = "Value"; Value = "1K"; VariantName = "[No Variations]"
Added Component: Designator=R25(R 0603)
Add component (AddParameter): Name = "Value"; Value = "20K"; VariantName = "[No Variations]"
Added Component: Designator=R26(R 0603)
Add component (AddParameter): Name = "Value"; Value = "1K"; VariantName = "[No Variations]"
Added Component: Designator=R27(R 0603)
Add component (AddParameter): Name = "Value"; Value = "1K"; VariantName = "[No Variations]"
Added Component: Designator=R28(R 0603)
Add component (AddParameter): Name = "Value"; Value = "1K"; VariantName = "[No Variations]"
Added Component: Designator=R29(R 0603)
Add component (AddParameter): Name = "Value"; Value = "1K"; VariantName = "[No Variations]"
Added Component: Designator=R30(R 0603)
Add component (AddParameter): Name = "Value"; Value = "1K"; VariantName = "[No Variations]"
Added Component: Designator=R31(R 0603)
Add component (AddParameter): Name = "Value"; Value = "1K"; VariantName = "[No Variations]"
Added Component: Designator=R32(R 0603)
Add component (AddParameter): Name = "Value"; Value = "1K"; VariantName = "[No Variations]"
Added Component: Designator=R33(R 0603)
Add component (AddParameter): Name = "Value"; Value = "1K"; VariantName = "[No Variations]"
Added Component: Designator=R34(R 0603)
Add component (AddParameter): Name = "Value"; Value = "1K"; VariantName = "[No Variations]"
Added Component: Designator=R35(R 0603)
Add component (AddParameter): Name = "Value"; Value = "1K"; VariantName = "[No Variations]"
Added Component: Designator=R36(R 0603)
Add component (AddParameter): Name = "Value"; Value = "1K"; VariantName = "[No Variations]"
Added Component: Designator=R37(R 0603)
Add component (AddParameter): Name = "Value"; Value = "20K"; VariantName = "[No Variations]"
Added Component: Designator=R38(R 0603)
Add component (AddParameter): Name = "Value"; Value = "1K"; VariantName = "[No Variations]"
Added Component: Designator=R39(R 0603)
Add component (AddParameter): Name = "Value"; Value = "1K"; VariantName = "[No Variations]"
Added Component: Designator=R40(R 0603)
Add component (AddParameter): Name = "Value"; Value = "1K"; VariantName = "[No Variations]"
Added Component: Designator=R41(R 0603)
Add component (AddParameter): Name = "Value"; Value = "1K"; VariantName = "[No Variations]"
Added Component: Designator=R42(R 0603)
Add component (AddParameter): Name = "Value"; Value = "1K"; VariantName = "[No Variations]"
Added Component: Designator=R43(R 0603)
Add component (AddParameter): Name = "Value"; Value = "1K"; VariantName = "[No Variations]"
Added Component: Designator=R44(R 0603)
Add component (AddParameter): Name = "Value"; Value = "1K"; VariantName = "[No Variations]"
Added Component: Designator=R45(R 0603)
Add component (AddParameter): Name = "Value"; Value = "1K"; VariantName = "[No Variations]"
Added Component: Designator=R46(R 0603)
Add component (AddParameter): Name = "Value"; Value = "1K"; VariantName = "[No Variations]"
Added Component: Designator=R47(R 0603)
Add component (AddParameter): Name = "Value"; Value = "1K"; VariantName = "[No Variations]"
Added Component: Designator=R48(R 0603)
Add component (AddParameter): Name = "Value"; Value = "1K"; VariantName = "[No Variations]"
Added Component: Designator=R49(R 0603)
Add component (AddParameter): Name = "Value"; Value = "10K"; VariantName = "[No Variations]"
Added Component: Designator=R50(R 0603)
Add component (AddParameter): Name = "Value"; Value = "10K"; VariantName = "[No Variations]"
Added Component: Designator=R51(R 0603)
Add component (AddParameter): Name = "Value"; Value = "10K"; VariantName = "[No Variations]"
Added Component: Designator=R52(R 0603)
Add component (AddParameter): Name = "Value"; Value = "10K"; VariantName = "[No Variations]"
Added Component: Designator=R53(R 0805)
Add component (AddParameter): Name = "BOM名称"; Value = "贴片电阻"; VariantName = "[No Variations]"
Add component (AddParameter): Name = "版权归属"; Value = "源创客"; VariantName = "[No Variations]"
Add component (AddParameter): Name = "学习资源"; Value = "www.ooocke.com"; VariantName = "[No Variations]"
Added Component: Designator=R54(R 0805)
Add component (AddParameter): Name = "BOM名称"; Value = "贴片电阻"; VariantName = "[No Variations]"
Add component (AddParameter): Name = "版权归属"; Value = "源创客"; VariantName = "[No Variations]"
Add component (AddParameter): Name = "学习资源"; Value = "www.ooocke.com"; VariantName = "[No Variations]"
Added Component: Designator=R55(R 0805)
Add component (AddParameter): Name = "BOM名称"; Value = "贴片电阻"; VariantName = "[No Variations]"
Add component (AddParameter): Name = "版权归属"; Value = "源创客"; VariantName = "[No Variations]"
Add component (AddParameter): Name = "学习资源"; Value = "www.ooocke.com"; VariantName = "[No Variations]"
Added Component: Designator=R56(R 0805)
Add component (AddParameter): Name = "BOM名称"; Value = "贴片电阻"; VariantName = "[No Variations]"
Add component (AddParameter): Name = "版权归属"; Value = "源创客"; VariantName = "[No Variations]"
Add component (AddParameter): Name = "学习资源"; Value = "www.ooocke.com"; VariantName = "[No Variations]"
Added Component: Designator=R57(R 0805)
Add component (AddParameter): Name = "BOM名称"; Value = "贴片电阻"; VariantName = "[No Variations]"
Add component (AddParameter): Name = "版权归属"; Value = "源创客"; VariantName = "[No Variations]"
Add component (AddParameter): Name = "学习资源"; Value = "www.ooocke.com"; VariantName = "[No Variations]"
Added Component: Designator=R58(R 0805)
Add component (AddParameter): Name = "BOM名称"; Value = "贴片电阻"; VariantName = "[No Variations]"
Add component (AddParameter): Name = "版权归属"; Value = "源创客"; VariantName = "[No Variations]"
Add component (AddParameter): Name = "学习资源"; Value = "www.ooocke.com"; VariantName = "[No Variations]"
Added Component: Designator=R59(R 0805)
Add component (AddParameter): Name = "BOM名称"; Value = "贴片电阻"; VariantName = "[No Variations]"
Add component (AddParameter): Name = "版权归属"; Value = "源创客"; VariantName = "[No Variations]"
Add component (AddParameter): Name = "学习资源"; Value = "www.ooocke.com"; VariantName = "[No Variations]"
Added Component: Designator=R60(R 0805)
Add component (AddParameter): Name = "BOM名称"; Value = "贴片电阻"; VariantName = "[No Variations]"
Add component (AddParameter): Name = "版权归属"; Value = "源创客"; VariantName = "[No Variations]"
Add component (AddParameter): Name = "学习资源"; Value = "www.ooocke.com"; VariantName = "[No Variations]"
Added Component: Designator=R61(R 0805)
Add component (AddParameter): Name = "BOM名称"; Value = "贴片电阻"; VariantName = "[No Variations]"
Add component (AddParameter): Name = "版权归属"; Value = "源创客"; VariantName = "[No Variations]"
Add component (AddParameter): Name = "学习资源"; Value = "www.ooocke.com"; VariantName = "[No Variations]"
Added Component: Designator=R62(R 0805)
Add component (AddParameter): Name = "BOM名称"; Value = "贴片电阻"; VariantName = "[No Variations]"
Add component (AddParameter): Name = "版权归属"; Value = "源创客"; VariantName = "[No Variations]"
Add component (AddParameter): Name = "学习资源"; Value = "www.ooocke.com"; VariantName = "[No Variations]"
Added Component: Designator=R63(R 0805)
Add component (AddParameter): Name = "BOM名称"; Value = "贴片电阻"; VariantName = "[No Variations]"
Add component (AddParameter): Name = "版权归属"; Value = "源创客"; VariantName = "[No Variations]"
Add component (AddParameter): Name = "学习资源"; Value = "www.ooocke.com"; VariantName = "[No Variations]"
Added Component: Designator=R64(0603)
Added Component: Designator=R65(0603)
Added Component: Designator=R66(0603)
Added Component: Designator=R67(0603)
Added Component: Designator=R68(R 1206_L)
Added Component: Designator=R69(0603)
Added Component: Designator=R70(0603)
Added Component: Designator=U1(SOP16_M)
Added Component: Designator=U2(SOP16_M)
Added Component: Designator=U3(SOP16_M)
Added Component: Designator=U4(SOP16_M)
Added Component: Designator=U5(SOP16_M)
Added Component: Designator=U6(SOP16_M)
Added Component: Designator=U7(SOT223)
Added Component: Designator=U8(LQFP48 7X7_M)
Add component (AddParameter): Name = "BOM名称"; Value = "32位STM单片机"; VariantName = "[No Variations]"
Add component (AddParameter): Name = "版权归属"; Value = "源创客"; VariantName = "[No Variations]"
Add component (AddParameter): Name = "学习资源"; Value = "www.ooocke.com"; VariantName = "[No Variations]"
Added Component: Designator=U9(SOL-16)
Added Component: Designator=U10(SO08)
Added Component: Designator=U11(ESP-12F)
Added Component: Designator=U12(SOT223)
Added Component: Designator=U13(SO-8)
Added Component: Designator=Y1(XTAL1)
Add component (AddParameter): Name = "LatestRevisionDate"; Value = "17-Jul-2002"; VariantName = "[No Variations]"
Add component (AddParameter): Name = "LatestRevisionNote"; Value = "Re-released for DXP Platform."; VariantName = "[No Variations]"
Add component (AddParameter): Name = "PackageDescription"; Value = "Crystal, Thru-Hole; 2 Leads; Body 3.1 x 8.2 mm (Dia.xH)"; VariantName = "[No Variations]"
Add component (AddParameter): Name = "PackageReference"; Value = "R38"; VariantName = "[No Variations]"
Add component (AddParameter): Name = "Published"; Value = "8-Jun-2000"; VariantName = "[No Variations]"
Add component (AddParameter): Name = "Publisher"; Value = "Altium Limited"; VariantName = "[No Variations]"
Added Pin To Net: NetName=+3.3V Pin=C1-1
Added Pin To Net: NetName=+3.3V Pin=C2-1
Added Pin To Net: NetName=+3.3V Pin=C3-1
Added Pin To Net: NetName=+3.3V Pin=C4-1
Added Pin To Net: NetName=+3.3V Pin=C5-1
Added Pin To Net: NetName=+3.3V Pin=C6-1
Added Pin To Net: NetName=+3.3V Pin=C14-1
Added Pin To Net: NetName=+3.3V Pin=C15-1
Added Pin To Net: NetName=+3.3V Pin=C16-1
Added Pin To Net: NetName=+3.3V Pin=C17-1
Added Pin To Net: NetName=+3.3V Pin=C20-2
Added Pin To Net: NetName=+3.3V Pin=C28-2
Added Pin To Net: NetName=+3.3V Pin=C30-1
Added Pin To Net: NetName=+3.3V Pin=P1-4
Added Pin To Net: NetName=+3.3V Pin=P2-1
Added Pin To Net: NetName=+3.3V Pin=P2-2
Added Pin To Net: NetName=+3.3V Pin=P3-2
Added Pin To Net: NetName=+3.3V Pin=R54-1
Added Pin To Net: NetName=+3.3V Pin=R55-1
Added Pin To Net: NetName=+3.3V Pin=R57-2
Added Pin To Net: NetName=+3.3V Pin=R58-2
Added Pin To Net: NetName=+3.3V Pin=R59-2
Added Pin To Net: NetName=+3.3V Pin=R60-1
Added Pin To Net: NetName=+3.3V Pin=U1-10
Added Pin To Net: NetName=+3.3V Pin=U1-16
Added Pin To Net: NetName=+3.3V Pin=U2-10
Added Pin To Net: NetName=+3.3V Pin=U2-16
Added Pin To Net: NetName=+3.3V Pin=U3-10
Added Pin To Net: NetName=+3.3V Pin=U3-16
Added Pin To Net: NetName=+3.3V Pin=U4-10
Added Pin To Net: NetName=+3.3V Pin=U4-16
Added Pin To Net: NetName=+3.3V Pin=U5-10
Added Pin To Net: NetName=+3.3V Pin=U5-16
Added Pin To Net: NetName=+3.3V Pin=U6-10
Added Pin To Net: NetName=+3.3V Pin=U6-16
Added Pin To Net: NetName=+3.3V Pin=U8-9
Added Pin To Net: NetName=+3.3V Pin=U8-24
Added Pin To Net: NetName=+3.3V Pin=U8-36
Added Pin To Net: NetName=+3.3V Pin=U8-48
Added Pin To Net: NetName=+3.3V Pin=U9-2
Added Pin To Net: NetName=+3.3V Pin=U12-2
Added Net: Name=+3.3V
Added Pin To Net: NetName=BOOT0 Pin=R53-1
Added Pin To Net: NetName=BOOT0 Pin=U8-44
Added Net: Name=BOOT0
Added Pin To Net: NetName=BOOT1 Pin=R56-2
Added Pin To Net: NetName=BOOT1 Pin=U8-20
Added Net: Name=BOOT1
Added Pin To Net: NetName=DS3231_SCL Pin=R58-1
Added Pin To Net: NetName=DS3231_SCL Pin=U8-42
Added Pin To Net: NetName=DS3231_SCL Pin=U9-16
Added Net: Name=DS3231_SCL
Added Pin To Net: NetName=DS3231_SDA Pin=R59-1
Added Pin To Net: NetName=DS3231_SDA Pin=U8-43
Added Pin To Net: NetName=DS3231_SDA Pin=U9-15
Added Net: Name=DS3231_SDA
Added Pin To Net: NetName=EN3.3V Pin=U10-3
Added Net: Name=EN3.3V
Added Pin To Net: NetName=EN_170V Pin=U8-21
Added Pin To Net: NetName=EN_170V Pin=U13-4
Added Net: Name=EN_170V
Added Pin To Net: NetName=ESPRX Pin=U8-12
Added Pin To Net: NetName=ESPRX Pin=U11-21
Added Net: Name=ESPRX
Added Pin To Net: NetName=ESPTX Pin=U8-13
Added Pin To Net: NetName=ESPTX Pin=U11-22
Added Net: Name=ESPTX
Added Pin To Net: NetName=GND Pin=C1-2
Added Pin To Net: NetName=GND Pin=C2-2
Added Pin To Net: NetName=GND Pin=C3-2
Added Pin To Net: NetName=GND Pin=C4-2
Added Pin To Net: NetName=GND Pin=C5-2
Added Pin To Net: NetName=GND Pin=C6-2
Added Pin To Net: NetName=GND Pin=C7-1
Added Pin To Net: NetName=GND Pin=C9-2
Added Pin To Net: NetName=GND Pin=C10-1
Added Pin To Net: NetName=GND Pin=C11-1
Added Pin To Net: NetName=GND Pin=C12-2
Added Pin To Net: NetName=GND Pin=C13-2
Added Pin To Net: NetName=GND Pin=C14-2
Added Pin To Net: NetName=GND Pin=C15-2
Added Pin To Net: NetName=GND Pin=C16-2
Added Pin To Net: NetName=GND Pin=C17-2
Added Pin To Net: NetName=GND Pin=C18-1
Added Pin To Net: NetName=GND Pin=C19-2
Added Pin To Net: NetName=GND Pin=C20-1
Added Pin To Net: NetName=GND Pin=C21-2
Added Pin To Net: NetName=GND Pin=C23-2
Added Pin To Net: NetName=GND Pin=C24-2
Added Pin To Net: NetName=GND Pin=C25-1
Added Pin To Net: NetName=GND Pin=C26-1
Added Pin To Net: NetName=GND Pin=C27-1
Added Pin To Net: NetName=GND Pin=C28-1
Added Pin To Net: NetName=GND Pin=C29-2
Added Pin To Net: NetName=GND Pin=C30-2
Added Pin To Net: NetName=GND Pin=C31-1
Added Pin To Net: NetName=GND Pin=CR1-2
Added Pin To Net: NetName=GND Pin=D2-1
Added Pin To Net: NetName=GND Pin=DC1-2
Added Pin To Net: NetName=GND Pin=DC1-3
Added Pin To Net: NetName=GND Pin=E1-2
Added Pin To Net: NetName=GND Pin=E2-2
Added Pin To Net: NetName=GND Pin=K1-1
Added Pin To Net: NetName=GND Pin=K2-1
Added Pin To Net: NetName=GND Pin=K3-1
Added Pin To Net: NetName=GND Pin=K4-1
Added Pin To Net: NetName=GND Pin=K5-1
Added Pin To Net: NetName=GND Pin=K6-1
Added Pin To Net: NetName=GND Pin=LED1-2
Added Pin To Net: NetName=GND Pin=LED2-2
Added Pin To Net: NetName=GND Pin=LED3-2
Added Pin To Net: NetName=GND Pin=LED4-2
Added Pin To Net: NetName=GND Pin=LED5-2
Added Pin To Net: NetName=GND Pin=LED7-2
Added Pin To Net: NetName=GND Pin=P1-1
Added Pin To Net: NetName=GND Pin=P2-5
Added Pin To Net: NetName=GND Pin=P2-6
Added Pin To Net: NetName=GND Pin=P3-1
Added Pin To Net: NetName=GND Pin=Q1-2
Added Pin To Net: NetName=GND Pin=Q2-2
Added Pin To Net: NetName=GND Pin=Q3-2
Added Pin To Net: NetName=GND Pin=Q4-2
Added Pin To Net: NetName=GND Pin=Q5-2
Added Pin To Net: NetName=GND Pin=Q6-2
Added Pin To Net: NetName=GND Pin=Q7-2
Added Pin To Net: NetName=GND Pin=Q8-2
Added Pin To Net: NetName=GND Pin=Q9-2
Added Pin To Net: NetName=GND Pin=Q10-2
Added Pin To Net: NetName=GND Pin=Q11-2
Added Pin To Net: NetName=GND Pin=Q12-2
Added Pin To Net: NetName=GND Pin=Q13-2
Added Pin To Net: NetName=GND Pin=Q14-2
Added Pin To Net: NetName=GND Pin=Q15-2
Added Pin To Net: NetName=GND Pin=Q16-2
Added Pin To Net: NetName=GND Pin=Q17-2
Added Pin To Net: NetName=GND Pin=Q18-2
Added Pin To Net: NetName=GND Pin=Q19-2
Added Pin To Net: NetName=GND Pin=Q20-2
Added Pin To Net: NetName=GND Pin=Q21-2
Added Pin To Net: NetName=GND Pin=Q22-2
Added Pin To Net: NetName=GND Pin=Q23-2
Added Pin To Net: NetName=GND Pin=Q24-2
Added Pin To Net: NetName=GND Pin=Q25-2
Added Pin To Net: NetName=GND Pin=Q26-2
Added Pin To Net: NetName=GND Pin=Q27-2
Added Pin To Net: NetName=GND Pin=Q28-2
Added Pin To Net: NetName=GND Pin=Q29-2
Added Pin To Net: NetName=GND Pin=Q30-2
Added Pin To Net: NetName=GND Pin=Q31-2
Added Pin To Net: NetName=GND Pin=Q32-2
Added Pin To Net: NetName=GND Pin=Q33-2
Added Pin To Net: NetName=GND Pin=Q34-2
Added Pin To Net: NetName=GND Pin=Q35-2
Added Pin To Net: NetName=GND Pin=Q36-2
Added Pin To Net: NetName=GND Pin=Q37-2
Added Pin To Net: NetName=GND Pin=Q38-2
Added Pin To Net: NetName=GND Pin=Q39-2
Added Pin To Net: NetName=GND Pin=Q40-2
Added Pin To Net: NetName=GND Pin=Q41-2
Added Pin To Net: NetName=GND Pin=Q42-2
Added Pin To Net: NetName=GND Pin=Q43-2
Added Pin To Net: NetName=GND Pin=Q44-2
Added Pin To Net: NetName=GND Pin=R62-1
Added Pin To Net: NetName=GND Pin=R64-1
Added Pin To Net: NetName=GND Pin=R67-1
Added Pin To Net: NetName=GND Pin=R68-1
Added Pin To Net: NetName=GND Pin=R70-1
Added Pin To Net: NetName=GND Pin=U1-8
Added Pin To Net: NetName=GND Pin=U1-13
Added Pin To Net: NetName=GND Pin=U2-8
Added Pin To Net: NetName=GND Pin=U2-13
Added Pin To Net: NetName=GND Pin=U3-8
Added Pin To Net: NetName=GND Pin=U3-13
Added Pin To Net: NetName=GND Pin=U4-8
Added Pin To Net: NetName=GND Pin=U4-13
Added Pin To Net: NetName=GND Pin=U5-8
Added Pin To Net: NetName=GND Pin=U5-13
Added Pin To Net: NetName=GND Pin=U6-8
Added Pin To Net: NetName=GND Pin=U6-13
Added Pin To Net: NetName=GND Pin=U7-1
Added Pin To Net: NetName=GND Pin=U8-8
Added Pin To Net: NetName=GND Pin=U8-23
Added Pin To Net: NetName=GND Pin=U8-35
Added Pin To Net: NetName=GND Pin=U8-47
Added Pin To Net: NetName=GND Pin=U9-5
Added Pin To Net: NetName=GND Pin=U9-6
Added Pin To Net: NetName=GND Pin=U9-7
Added Pin To Net: NetName=GND Pin=U9-8
Added Pin To Net: NetName=GND Pin=U9-9
Added Pin To Net: NetName=GND Pin=U9-10
Added Pin To Net: NetName=GND Pin=U9-11
Added Pin To Net: NetName=GND Pin=U9-12
Added Pin To Net: NetName=GND Pin=U9-13
Added Pin To Net: NetName=GND Pin=U10-7
Added Pin To Net: NetName=GND Pin=U11-15
Added Pin To Net: NetName=GND Pin=U12-1
Added Pin To Net: NetName=GND Pin=U13-6
Added Pin To Net: NetName=GND Pin=U13-7
Added Net: Name=GND
Added Pin To Net: NetName=HC_C Pin=U1-11
Added Pin To Net: NetName=HC_C Pin=U2-11
Added Pin To Net: NetName=HC_C Pin=U3-11
Added Pin To Net: NetName=HC_C Pin=U4-11
Added Pin To Net: NetName=HC_C Pin=U5-11
Added Pin To Net: NetName=HC_C Pin=U6-11
Added Pin To Net: NetName=HC_C Pin=U8-27
Added Net: Name=HC_C
Added Pin To Net: NetName=HC_D Pin=U1-14
Added Pin To Net: NetName=HC_D Pin=U8-26
Added Net: Name=HC_D
Added Pin To Net: NetName=HC_R Pin=U1-12
Added Pin To Net: NetName=HC_R Pin=U2-12
Added Pin To Net: NetName=HC_R Pin=U3-12
Added Pin To Net: NetName=HC_R Pin=U4-12
Added Pin To Net: NetName=HC_R Pin=U5-12
Added Pin To Net: NetName=HC_R Pin=U6-12
Added Pin To Net: NetName=HC_R Pin=U8-28
Added Net: Name=HC_R
Added Pin To Net: NetName=Key1 Pin=K1-2
Added Pin To Net: NetName=Key1 Pin=U8-18
Added Net: Name=Key1
Added Pin To Net: NetName=Key2 Pin=K2-2
Added Pin To Net: NetName=Key2 Pin=U8-17
Added Net: Name=Key2
Added Pin To Net: NetName=Key3 Pin=K4-2
Added Pin To Net: NetName=Key3 Pin=U8-16
Added Net: Name=Key3
Added Pin To Net: NetName=Key4 Pin=K5-2
Added Pin To Net: NetName=Key4 Pin=U8-15
Added Net: Name=Key4
Added Pin To Net: NetName=Key5 Pin=K6-2
Added Pin To Net: NetName=Key5 Pin=U8-14
Added Net: Name=Key5
Added Pin To Net: NetName=LED1 Pin=LED6-2
Added Pin To Net: NetName=LED1 Pin=U8-2
Added Net: Name=LED1
Added Pin To Net: NetName=NetC8_1 Pin=C8-1
Added Pin To Net: NetName=NetC8_1 Pin=U10-1
Added Net: Name=NetC8_1
Added Pin To Net: NetName=NetC8_2 Pin=C8-2
Added Pin To Net: NetName=NetC8_2 Pin=D2-2
Added Pin To Net: NetName=NetC8_2 Pin=L1-2
Added Pin To Net: NetName=NetC8_2 Pin=U10-8
Added Net: Name=NetC8_2
Added Pin To Net: NetName=NetC9_1 Pin=C9-1
Added Pin To Net: NetName=NetC9_1 Pin=U10-4
Added Net: Name=NetC9_1
Added Pin To Net: NetName=NetC22_1 Pin=C22-1
Added Pin To Net: NetName=NetC22_1 Pin=R64-2
Added Net: Name=NetC22_1
Added Pin To Net: NetName=NetC22_2 Pin=C22-2
Added Pin To Net: NetName=NetC22_2 Pin=C23-1
Added Pin To Net: NetName=NetC22_2 Pin=U10-6
Added Net: Name=NetC22_2
Added Pin To Net: NetName=NetC31_2 Pin=C31-2
Added Pin To Net: NetName=NetC31_2 Pin=U13-5
Added Net: Name=NetC31_2
Added Pin To Net: NetName=NetCR1_1 Pin=CR1-1
Added Pin To Net: NetName=NetCR1_1 Pin=D1-2
Added Pin To Net: NetName=NetCR1_1 Pin=U9-14
Added Net: Name=NetCR1_1
Added Pin To Net: NetName=NetD1_1 Pin=D1-1
Added Pin To Net: NetName=NetD1_1 Pin=R60-2
Added Net: Name=NetD1_1
Added Pin To Net: NetName=NetLED1_1 Pin=LED1-1
Added Pin To Net: NetName=NetLED1_1 Pin=R49-2
Added Net: Name=NetLED1_1
Added Pin To Net: NetName=NetLED2_1 Pin=LED2-1
Added Pin To Net: NetName=NetLED2_1 Pin=R50-2
Added Net: Name=NetLED2_1
Added Pin To Net: NetName=NetLED3_1 Pin=LED3-1
Added Pin To Net: NetName=NetLED3_1 Pin=R51-2
Added Net: Name=NetLED3_1
Added Pin To Net: NetName=NetLED4_1 Pin=LED4-1
Added Pin To Net: NetName=NetLED4_1 Pin=R52-2
Added Net: Name=NetLED4_1
Added Pin To Net: NetName=NetLED5_1 Pin=LED5-1
Added Pin To Net: NetName=NetLED5_1 Pin=R54-2
Added Net: Name=NetLED5_1
Added Pin To Net: NetName=NetLED6_1 Pin=LED6-1
Added Pin To Net: NetName=NetLED6_1 Pin=R55-2
Added Net: Name=NetLED6_1
Added Pin To Net: NetName=NetLED7_1 Pin=LED7-1
Added Pin To Net: NetName=NetLED7_1 Pin=R65-1
Added Net: Name=NetLED7_1
Added Pin To Net: NetName=NetNX1_2 Pin=NX1-2
Added Pin To Net: NetName=NetNX1_2 Pin=R1-1
Added Net: Name=NetNX1_2
Added Pin To Net: NetName=NetNX2_2 Pin=NX2-2
Added Pin To Net: NetName=NetNX2_2 Pin=R13-1
Added Net: Name=NetNX2_2
Added Pin To Net: NetName=NetNX3_2 Pin=NX3-2
Added Pin To Net: NetName=NetNX3_2 Pin=R25-1
Added Net: Name=NetNX3_2
Added Pin To Net: NetName=NetNX4_2 Pin=NX4-2
Added Pin To Net: NetName=NetNX4_2 Pin=R37-1
Added Net: Name=NetNX4_2
Added Pin To Net: NetName=NetP2_3 Pin=P2-3
Added Pin To Net: NetName=NetP2_3 Pin=R53-2
Added Net: Name=NetP2_3
Added Pin To Net: NetName=NetP2_4 Pin=P2-4
Added Pin To Net: NetName=NetP2_4 Pin=R56-1
Added Net: Name=NetP2_4
Added Pin To Net: NetName=NetQ45_1 Pin=Q45-1
Added Pin To Net: NetName=NetQ45_1 Pin=U13-1
Added Net: Name=NetQ45_1
Added Pin To Net: NetName=NetQ45_2 Pin=Q45-2
Added Pin To Net: NetName=NetQ45_2 Pin=R68-2
Added Pin To Net: NetName=NetQ45_2 Pin=U13-8
Added Net: Name=NetQ45_2
Added Pin To Net: NetName=NetR61_2 Pin=R61-2
Added Pin To Net: NetName=NetR61_2 Pin=U11-3
Added Net: Name=NetR61_2
Added Pin To Net: NetName=NetR62_2 Pin=R62-2
Added Pin To Net: NetName=NetR62_2 Pin=U11-16
Added Net: Name=NetR62_2
Added Pin To Net: NetName=NetR63_1 Pin=R63-1
Added Pin To Net: NetName=NetR63_1 Pin=U11-17
Added Net: Name=NetR63_1
Added Pin To Net: NetName=NetR66_1 Pin=R66-1
Added Pin To Net: NetName=NetR66_1 Pin=R67-2
Added Pin To Net: NetName=NetR66_1 Pin=U10-5
Added Net: Name=NetR66_1
Added Pin To Net: NetName=NetR69_1 Pin=R69-1
Added Pin To Net: NetName=NetR69_1 Pin=R70-2
Added Pin To Net: NetName=NetR69_1 Pin=U13-3
Added Net: Name=NetR69_1
Added Pin To Net: NetName=NetU2_9 Pin=U2-9
Added Pin To Net: NetName=NetU2_9 Pin=U5-9
Added Net: Name=NetU2_9
Added Pin To Net: NetName=NetU2_14 Pin=U2-14
Added Pin To Net: NetName=NetU2_14 Pin=U4-14
Added Net: Name=NetU2_14
Added Pin To Net: NetName=NetU3_9 Pin=U3-9
Added Pin To Net: NetName=NetU3_9 Pin=U5-14
Added Net: Name=NetU3_9
Added Pin To Net: NetName=NetU4_9 Pin=U4-9
Added Pin To Net: NetName=NetU4_9 Pin=U6-14
Added Net: Name=NetU4_9
Added Pin To Net: NetName=NRST Pin=C11-2
Added Pin To Net: NetName=NRST Pin=K3-2
Added Pin To Net: NetName=NRST Pin=R57-1
Added Pin To Net: NetName=NRST Pin=U8-7
Added Net: Name=NRST
Added Pin To Net: NetName=NX1_0 Pin=NX1-1
Added Pin To Net: NetName=NX1_0 Pin=Q1-3
Added Net: Name=NX1_0
Added Pin To Net: NetName=NX1_1 Pin=NX1-12
Added Pin To Net: NetName=NX1_1 Pin=Q2-3
Added Net: Name=NX1_1
Added Pin To Net: NetName=NX1_2 Pin=NX1-3
Added Pin To Net: NetName=NX1_2 Pin=Q3-3
Added Net: Name=NX1_2
Added Pin To Net: NetName=NX1_3 Pin=NX1-4
Added Pin To Net: NetName=NX1_3 Pin=Q4-3
Added Net: Name=NX1_3
Added Pin To Net: NetName=NX1_4 Pin=NX1-5
Added Pin To Net: NetName=NX1_4 Pin=Q5-3
Added Net: Name=NX1_4
Added Pin To Net: NetName=NX1_5 Pin=NX1-6
Added Pin To Net: NetName=NX1_5 Pin=Q6-3
Added Net: Name=NX1_5
Added Pin To Net: NetName=NX1_6 Pin=NX1-7
Added Pin To Net: NetName=NX1_6 Pin=Q7-3
Added Net: Name=NX1_6
Added Pin To Net: NetName=NX1_7 Pin=NX1-8
Added Pin To Net: NetName=NX1_7 Pin=Q8-3
Added Net: Name=NX1_7
Added Pin To Net: NetName=NX1_8 Pin=NX1-9
Added Pin To Net: NetName=NX1_8 Pin=Q9-3
Added Net: Name=NX1_8
Added Pin To Net: NetName=NX1_9 Pin=NX1-10
Added Pin To Net: NetName=NX1_9 Pin=Q10-3
Added Net: Name=NX1_9
Added Pin To Net: NetName=NX1_DP Pin=NX1-11
Added Pin To Net: NetName=NX1_DP Pin=Q11-3
Added Net: Name=NX1_DP
Added Pin To Net: NetName=NX1B_0 Pin=Q1-1
Added Pin To Net: NetName=NX1B_0 Pin=R2-2
Added Net: Name=NX1B_0
Added Pin To Net: NetName=NX1B_1 Pin=Q2-1
Added Pin To Net: NetName=NX1B_1 Pin=R3-2
Added Net: Name=NX1B_1
Added Pin To Net: NetName=NX1B_2 Pin=Q3-1
Added Pin To Net: NetName=NX1B_2 Pin=R4-2
Added Net: Name=NX1B_2
Added Pin To Net: NetName=NX1B_3 Pin=Q4-1
Added Pin To Net: NetName=NX1B_3 Pin=R5-2
Added Net: Name=NX1B_3
Added Pin To Net: NetName=NX1B_4 Pin=Q5-1
Added Pin To Net: NetName=NX1B_4 Pin=R6-2
Added Net: Name=NX1B_4
Added Pin To Net: NetName=NX1B_5 Pin=Q6-1
Added Pin To Net: NetName=NX1B_5 Pin=R7-2
Added Net: Name=NX1B_5
Added Pin To Net: NetName=NX1B_6 Pin=Q7-1
Added Pin To Net: NetName=NX1B_6 Pin=R8-2
Added Net: Name=NX1B_6
Added Pin To Net: NetName=NX1B_7 Pin=Q8-1
Added Pin To Net: NetName=NX1B_7 Pin=R9-2
Added Net: Name=NX1B_7
Added Pin To Net: NetName=NX1B_8 Pin=Q9-1
Added Pin To Net: NetName=NX1B_8 Pin=R10-2
Added Net: Name=NX1B_8
Added Pin To Net: NetName=NX1B_9 Pin=Q10-1
Added Pin To Net: NetName=NX1B_9 Pin=R11-2
Added Net: Name=NX1B_9
Added Pin To Net: NetName=NX1B_DP Pin=Q11-1
Added Pin To Net: NetName=NX1B_DP Pin=R12-2
Added Net: Name=NX1B_DP
Added Pin To Net: NetName=NX2_0 Pin=NX2-1
Added Pin To Net: NetName=NX2_0 Pin=Q12-3
Added Net: Name=NX2_0
Added Pin To Net: NetName=NX2_1 Pin=NX2-12
Added Pin To Net: NetName=NX2_1 Pin=Q13-3
Added Net: Name=NX2_1
Added Pin To Net: NetName=NX2_2 Pin=NX2-3
Added Pin To Net: NetName=NX2_2 Pin=Q14-3
Added Net: Name=NX2_2
Added Pin To Net: NetName=NX2_3 Pin=NX2-4
Added Pin To Net: NetName=NX2_3 Pin=Q15-3
Added Net: Name=NX2_3
Added Pin To Net: NetName=NX2_4 Pin=NX2-5
Added Pin To Net: NetName=NX2_4 Pin=Q16-3
Added Net: Name=NX2_4
Added Pin To Net: NetName=NX2_5 Pin=NX2-6
Added Pin To Net: NetName=NX2_5 Pin=Q17-3
Added Net: Name=NX2_5
Added Pin To Net: NetName=NX2_6 Pin=NX2-7
Added Pin To Net: NetName=NX2_6 Pin=Q18-3
Added Net: Name=NX2_6
Added Pin To Net: NetName=NX2_7 Pin=NX2-8
Added Pin To Net: NetName=NX2_7 Pin=Q19-3
Added Net: Name=NX2_7
Added Pin To Net: NetName=NX2_8 Pin=NX2-9
Added Pin To Net: NetName=NX2_8 Pin=Q20-3
Added Net: Name=NX2_8
Added Pin To Net: NetName=NX2_9 Pin=NX2-10
Added Pin To Net: NetName=NX2_9 Pin=Q21-3
Added Net: Name=NX2_9
Added Pin To Net: NetName=NX2_DP Pin=NX2-11
Added Pin To Net: NetName=NX2_DP Pin=Q22-3
Added Net: Name=NX2_DP
Added Pin To Net: NetName=NX2B_0 Pin=Q12-1
Added Pin To Net: NetName=NX2B_0 Pin=R14-2
Added Net: Name=NX2B_0
Added Pin To Net: NetName=NX2B_1 Pin=Q13-1
Added Pin To Net: NetName=NX2B_1 Pin=R15-2
Added Net: Name=NX2B_1
Added Pin To Net: NetName=NX2B_2 Pin=Q14-1
Added Pin To Net: NetName=NX2B_2 Pin=R16-2
Added Net: Name=NX2B_2
Added Pin To Net: NetName=NX2B_3 Pin=Q15-1
Added Pin To Net: NetName=NX2B_3 Pin=R17-2
Added Net: Name=NX2B_3
Added Pin To Net: NetName=NX2B_4 Pin=Q16-1
Added Pin To Net: NetName=NX2B_4 Pin=R18-2
Added Net: Name=NX2B_4
Added Pin To Net: NetName=NX2B_5 Pin=Q17-1
Added Pin To Net: NetName=NX2B_5 Pin=R19-2
Added Net: Name=NX2B_5
Added Pin To Net: NetName=NX2B_6 Pin=Q18-1
Added Pin To Net: NetName=NX2B_6 Pin=R20-2
Added Net: Name=NX2B_6
Added Pin To Net: NetName=NX2B_7 Pin=Q19-1
Added Pin To Net: NetName=NX2B_7 Pin=R21-2
Added Net: Name=NX2B_7
Added Pin To Net: NetName=NX2B_8 Pin=Q20-1
Added Pin To Net: NetName=NX2B_8 Pin=R22-2
Added Net: Name=NX2B_8
Added Pin To Net: NetName=NX2B_9 Pin=Q21-1
Added Pin To Net: NetName=NX2B_9 Pin=R23-2
Added Net: Name=NX2B_9
Added Pin To Net: NetName=NX2B_DP Pin=Q22-1
Added Pin To Net: NetName=NX2B_DP Pin=R24-2
Added Net: Name=NX2B_DP
Added Pin To Net: NetName=NX3_0 Pin=NX3-1
Added Pin To Net: NetName=NX3_0 Pin=Q23-3
Added Net: Name=NX3_0
Added Pin To Net: NetName=NX3_1 Pin=NX3-12
Added Pin To Net: NetName=NX3_1 Pin=Q24-3
Added Net: Name=NX3_1
Added Pin To Net: NetName=NX3_2 Pin=NX3-3
Added Pin To Net: NetName=NX3_2 Pin=Q25-3
Added Net: Name=NX3_2
Added Pin To Net: NetName=NX3_3 Pin=NX3-4
Added Pin To Net: NetName=NX3_3 Pin=Q26-3
Added Net: Name=NX3_3
Added Pin To Net: NetName=NX3_4 Pin=NX3-5
Added Pin To Net: NetName=NX3_4 Pin=Q27-3
Added Net: Name=NX3_4
Added Pin To Net: NetName=NX3_5 Pin=NX3-6
Added Pin To Net: NetName=NX3_5 Pin=Q28-3
Added Net: Name=NX3_5
Added Pin To Net: NetName=NX3_6 Pin=NX3-7
Added Pin To Net: NetName=NX3_6 Pin=Q29-3
Added Net: Name=NX3_6
Added Pin To Net: NetName=NX3_7 Pin=NX3-8
Added Pin To Net: NetName=NX3_7 Pin=Q30-3
Added Net: Name=NX3_7
Added Pin To Net: NetName=NX3_8 Pin=NX3-9
Added Pin To Net: NetName=NX3_8 Pin=Q31-3
Added Net: Name=NX3_8
Added Pin To Net: NetName=NX3_9 Pin=NX3-10
Added Pin To Net: NetName=NX3_9 Pin=Q32-3
Added Net: Name=NX3_9
Added Pin To Net: NetName=NX3_DP Pin=NX3-11
Added Pin To Net: NetName=NX3_DP Pin=Q33-3
Added Net: Name=NX3_DP
Added Pin To Net: NetName=NX3B_0 Pin=Q23-1
Added Pin To Net: NetName=NX3B_0 Pin=R26-2
Added Net: Name=NX3B_0
Added Pin To Net: NetName=NX3B_1 Pin=Q24-1
Added Pin To Net: NetName=NX3B_1 Pin=R27-2
Added Net: Name=NX3B_1
Added Pin To Net: NetName=NX3B_2 Pin=Q25-1
Added Pin To Net: NetName=NX3B_2 Pin=R28-2
Added Net: Name=NX3B_2
Added Pin To Net: NetName=NX3B_3 Pin=Q26-1
Added Pin To Net: NetName=NX3B_3 Pin=R29-2
Added Net: Name=NX3B_3
Added Pin To Net: NetName=NX3B_4 Pin=Q27-1
Added Pin To Net: NetName=NX3B_4 Pin=R30-2
Added Net: Name=NX3B_4
Added Pin To Net: NetName=NX3B_5 Pin=Q28-1
Added Pin To Net: NetName=NX3B_5 Pin=R31-2
Added Net: Name=NX3B_5
Added Pin To Net: NetName=NX3B_6 Pin=Q29-1
Added Pin To Net: NetName=NX3B_6 Pin=R32-2
Added Net: Name=NX3B_6
Added Pin To Net: NetName=NX3B_7 Pin=Q30-1
Added Pin To Net: NetName=NX3B_7 Pin=R33-2
Added Net: Name=NX3B_7
Added Pin To Net: NetName=NX3B_8 Pin=Q31-1
Added Pin To Net: NetName=NX3B_8 Pin=R34-2
Added Net: Name=NX3B_8
Added Pin To Net: NetName=NX3B_9 Pin=Q32-1
Added Pin To Net: NetName=NX3B_9 Pin=R35-2
Added Net: Name=NX3B_9
Added Pin To Net: NetName=NX3B_DP Pin=Q33-1
Added Pin To Net: NetName=NX3B_DP Pin=R36-2
Added Net: Name=NX3B_DP
Added Pin To Net: NetName=NX4_0 Pin=NX4-1
Added Pin To Net: NetName=NX4_0 Pin=Q34-3
Added Net: Name=NX4_0
Added Pin To Net: NetName=NX4_1 Pin=NX4-12
Added Pin To Net: NetName=NX4_1 Pin=Q35-3
Added Net: Name=NX4_1
Added Pin To Net: NetName=NX4_2 Pin=NX4-3
Added Pin To Net: NetName=NX4_2 Pin=Q36-3
Added Net: Name=NX4_2
Added Pin To Net: NetName=NX4_3 Pin=NX4-4
Added Pin To Net: NetName=NX4_3 Pin=Q37-3
Added Net: Name=NX4_3
Added Pin To Net: NetName=NX4_4 Pin=NX4-5
Added Pin To Net: NetName=NX4_4 Pin=Q38-3
Added Net: Name=NX4_4
Added Pin To Net: NetName=NX4_5 Pin=NX4-6
Added Pin To Net: NetName=NX4_5 Pin=Q39-3
Added Net: Name=NX4_5
Added Pin To Net: NetName=NX4_6 Pin=NX4-7
Added Pin To Net: NetName=NX4_6 Pin=Q40-3
Added Net: Name=NX4_6
Added Pin To Net: NetName=NX4_7 Pin=NX4-8
Added Pin To Net: NetName=NX4_7 Pin=Q41-3
Added Net: Name=NX4_7
Added Pin To Net: NetName=NX4_8 Pin=NX4-9
Added Pin To Net: NetName=NX4_8 Pin=Q42-3
Added Net: Name=NX4_8
Added Pin To Net: NetName=NX4_9 Pin=NX4-10
Added Pin To Net: NetName=NX4_9 Pin=Q43-3
Added Net: Name=NX4_9
Added Pin To Net: NetName=NX4_DP Pin=NX4-11
Added Pin To Net: NetName=NX4_DP Pin=Q44-3
Added Net: Name=NX4_DP
Added Pin To Net: NetName=NX4B_0 Pin=Q34-1
Added Pin To Net: NetName=NX4B_0 Pin=R38-2
Added Net: Name=NX4B_0
Added Pin To Net: NetName=NX4B_1 Pin=Q35-1
Added Pin To Net: NetName=NX4B_1 Pin=R39-2
Added Net: Name=NX4B_1
Added Pin To Net: NetName=NX4B_2 Pin=Q36-1
Added Pin To Net: NetName=NX4B_2 Pin=R40-2
Added Net: Name=NX4B_2
Added Pin To Net: NetName=NX4B_3 Pin=Q37-1
Added Pin To Net: NetName=NX4B_3 Pin=R41-2
Added Net: Name=NX4B_3
Added Pin To Net: NetName=NX4B_4 Pin=Q38-1
Added Pin To Net: NetName=NX4B_4 Pin=R42-2
Added Net: Name=NX4B_4
Added Pin To Net: NetName=NX4B_5 Pin=Q39-1
Added Pin To Net: NetName=NX4B_5 Pin=R43-2
Added Net: Name=NX4B_5
Added Pin To Net: NetName=NX4B_6 Pin=Q40-1
Added Pin To Net: NetName=NX4B_6 Pin=R44-2
Added Net: Name=NX4B_6
Added Pin To Net: NetName=NX4B_7 Pin=Q41-1
Added Pin To Net: NetName=NX4B_7 Pin=R45-2
Added Net: Name=NX4B_7
Added Pin To Net: NetName=NX4B_8 Pin=Q42-1
Added Pin To Net: NetName=NX4B_8 Pin=R46-2
Added Net: Name=NX4B_8
Added Pin To Net: NetName=NX4B_9 Pin=Q43-1
Added Pin To Net: NetName=NX4B_9 Pin=R47-2
Added Net: Name=NX4B_9
Added Pin To Net: NetName=NX4B_DP Pin=Q44-1
Added Pin To Net: NetName=NX4B_DP Pin=R48-2
Added Net: Name=NX4B_DP
Added Pin To Net: NetName=OLED_SCL Pin=P3-3
Added Pin To Net: NetName=OLED_SCL Pin=U8-45
Added Net: Name=OLED_SCL
Added Pin To Net: NetName=OLED_SDA Pin=P3-4
Added Pin To Net: NetName=OLED_SDA Pin=U8-46
Added Net: Name=OLED_SDA
Added Pin To Net: NetName=OSCIN Pin=C12-1
Added Pin To Net: NetName=OSCIN Pin=U8-5
Added Pin To Net: NetName=OSCIN Pin=Y1-2
Added Net: Name=OSCIN
Added Pin To Net: NetName=OSCOUT Pin=C13-1
Added Pin To Net: NetName=OSCOUT Pin=U8-6
Added Pin To Net: NetName=OSCOUT Pin=Y1-1
Added Net: Name=OSCOUT
Added Pin To Net: NetName=PA0 Pin=U8-10
Added Net: Name=PA0
Added Pin To Net: NetName=PA1 Pin=U8-11
Added Net: Name=PA1
Added Pin To Net: NetName=PA8 Pin=U8-29
Added Net: Name=PA8
Added Pin To Net: NetName=PA9 Pin=U8-30
Added Net: Name=PA9
Added Pin To Net: NetName=PA10 Pin=U8-31
Added Net: Name=PA10
Added Pin To Net: NetName=PA11 Pin=U8-32
Added Net: Name=PA11
Added Pin To Net: NetName=PA12 Pin=U8-33
Added Net: Name=PA12
Added Pin To Net: NetName=PA15 Pin=U8-38
Added Net: Name=PA15
Added Pin To Net: NetName=PB1 Pin=U8-19
Added Net: Name=PB1
Added Pin To Net: NetName=PB3 Pin=U8-39
Added Net: Name=PB3
Added Pin To Net: NetName=PB4 Pin=U8-40
Added Net: Name=PB4
Added Pin To Net: NetName=PB5 Pin=U8-41
Added Net: Name=PB5
Added Pin To Net: NetName=PC14 Pin=U8-3
Added Net: Name=PC14
Added Pin To Net: NetName=PC15 Pin=U8-4
Added Net: Name=PC15
Added Pin To Net: NetName=Q1 Pin=R2-1
Added Pin To Net: NetName=Q1 Pin=U1-15
Added Net: Name=Q1
Added Pin To Net: NetName=Q2 Pin=R3-1
Added Pin To Net: NetName=Q2 Pin=U1-1
Added Net: Name=Q2
Added Pin To Net: NetName=Q3 Pin=R4-1
Added Pin To Net: NetName=Q3 Pin=U1-2
Added Net: Name=Q3
Added Pin To Net: NetName=Q4 Pin=R5-1
Added Pin To Net: NetName=Q4 Pin=U1-3
Added Net: Name=Q4
Added Pin To Net: NetName=Q5 Pin=R6-1
Added Pin To Net: NetName=Q5 Pin=U1-4
Added Net: Name=Q5
Added Pin To Net: NetName=Q6 Pin=R7-1
Added Pin To Net: NetName=Q6 Pin=U1-5
Added Net: Name=Q6
Added Pin To Net: NetName=Q7 Pin=R8-1
Added Pin To Net: NetName=Q7 Pin=U1-6
Added Net: Name=Q7
Added Pin To Net: NetName=Q8 Pin=R9-1
Added Pin To Net: NetName=Q8 Pin=U1-7
Added Net: Name=Q8
Added Pin To Net: NetName=Q9 Pin=R10-1
Added Pin To Net: NetName=Q9 Pin=U3-15
Added Net: Name=Q9
Added Pin To Net: NetName=Q10 Pin=R11-1
Added Pin To Net: NetName=Q10 Pin=U3-1
Added Net: Name=Q10
Added Pin To Net: NetName=Q11 Pin=R12-1
Added Pin To Net: NetName=Q11 Pin=U3-2
Added Net: Name=Q11
Added Pin To Net: NetName=Q12 Pin=R14-1
Added Pin To Net: NetName=Q12 Pin=U3-3
Added Net: Name=Q12
Added Pin To Net: NetName=Q13 Pin=R15-1
Added Pin To Net: NetName=Q13 Pin=U3-4
Added Net: Name=Q13
Added Pin To Net: NetName=Q14 Pin=R16-1
Added Pin To Net: NetName=Q14 Pin=U3-5
Added Net: Name=Q14
Added Pin To Net: NetName=Q15 Pin=R17-1
Added Pin To Net: NetName=Q15 Pin=U3-6
Added Net: Name=Q15
Added Pin To Net: NetName=Q16 Pin=R18-1
Added Pin To Net: NetName=Q16 Pin=U3-7
Added Net: Name=Q16
Added Pin To Net: NetName=Q17 Pin=R19-1
Added Pin To Net: NetName=Q17 Pin=U5-15
Added Net: Name=Q17
Added Pin To Net: NetName=Q18 Pin=R20-1
Added Pin To Net: NetName=Q18 Pin=U5-1
Added Net: Name=Q18
Added Pin To Net: NetName=Q19 Pin=R21-1
Added Pin To Net: NetName=Q19 Pin=U5-2
Added Net: Name=Q19
Added Pin To Net: NetName=Q20 Pin=R22-1
Added Pin To Net: NetName=Q20 Pin=U5-3
Added Net: Name=Q20
Added Pin To Net: NetName=Q21 Pin=R23-1
Added Pin To Net: NetName=Q21 Pin=U5-4
Added Net: Name=Q21
Added Pin To Net: NetName=Q22 Pin=R24-1
Added Pin To Net: NetName=Q22 Pin=U5-5
Added Net: Name=Q22
Added Pin To Net: NetName=Q23 Pin=R26-1
Added Pin To Net: NetName=Q23 Pin=U5-6
Added Net: Name=Q23
Added Pin To Net: NetName=Q24 Pin=R27-1
Added Pin To Net: NetName=Q24 Pin=U5-7
Added Net: Name=Q24
Added Pin To Net: NetName=Q25 Pin=R28-1
Added Pin To Net: NetName=Q25 Pin=U2-15
Added Net: Name=Q25
Added Pin To Net: NetName=Q26 Pin=R29-1
Added Pin To Net: NetName=Q26 Pin=U2-1
Added Net: Name=Q26
Added Pin To Net: NetName=Q27 Pin=R30-1
Added Pin To Net: NetName=Q27 Pin=U2-2
Added Net: Name=Q27
Added Pin To Net: NetName=Q28 Pin=R31-1
Added Pin To Net: NetName=Q28 Pin=U2-3
Added Net: Name=Q28
Added Pin To Net: NetName=Q29 Pin=R32-1
Added Pin To Net: NetName=Q29 Pin=U2-4
Added Net: Name=Q29
Added Pin To Net: NetName=Q30 Pin=R33-1
Added Pin To Net: NetName=Q30 Pin=U2-5
Added Net: Name=Q30
Added Pin To Net: NetName=Q31 Pin=R34-1
Added Pin To Net: NetName=Q31 Pin=U2-6
Added Net: Name=Q31
Added Pin To Net: NetName=Q32 Pin=R35-1
Added Pin To Net: NetName=Q32 Pin=U2-7
Added Net: Name=Q32
Added Pin To Net: NetName=Q33 Pin=R36-1
Added Pin To Net: NetName=Q33 Pin=U4-15
Added Net: Name=Q33
Added Pin To Net: NetName=Q34 Pin=R38-1
Added Pin To Net: NetName=Q34 Pin=U4-1
Added Net: Name=Q34
Added Pin To Net: NetName=Q35 Pin=R39-1
Added Pin To Net: NetName=Q35 Pin=U4-2
Added Net: Name=Q35
Added Pin To Net: NetName=Q36 Pin=R40-1
Added Pin To Net: NetName=Q36 Pin=U4-3
Added Net: Name=Q36
Added Pin To Net: NetName=Q37 Pin=R41-1
Added Pin To Net: NetName=Q37 Pin=U4-4
Added Net: Name=Q37
Added Pin To Net: NetName=Q38 Pin=R42-1
Added Pin To Net: NetName=Q38 Pin=U4-5
Added Net: Name=Q38
Added Pin To Net: NetName=Q39 Pin=R43-1
Added Pin To Net: NetName=Q39 Pin=U4-6
Added Net: Name=Q39
Added Pin To Net: NetName=Q40 Pin=R44-1
Added Pin To Net: NetName=Q40 Pin=U4-7
Added Net: Name=Q40
Added Pin To Net: NetName=Q41 Pin=R45-1
Added Pin To Net: NetName=Q41 Pin=U6-15
Added Net: Name=Q41
Added Pin To Net: NetName=Q42 Pin=R46-1
Added Pin To Net: NetName=Q42 Pin=U6-1
Added Net: Name=Q42
Added Pin To Net: NetName=Q43 Pin=R47-1
Added Pin To Net: NetName=Q43 Pin=U6-2
Added Net: Name=Q43
Added Pin To Net: NetName=Q44 Pin=R48-1
Added Pin To Net: NetName=Q44 Pin=U6-3
Added Net: Name=Q44
Added Pin To Net: NetName=Q45 Pin=R49-1
Added Pin To Net: NetName=Q45 Pin=U6-4
Added Net: Name=Q45
Added Pin To Net: NetName=Q46 Pin=R50-1
Added Pin To Net: NetName=Q46 Pin=U6-5
Added Net: Name=Q46
Added Pin To Net: NetName=Q47 Pin=R51-1
Added Pin To Net: NetName=Q47 Pin=U6-6
Added Net: Name=Q47
Added Pin To Net: NetName=Q48 Pin=R52-1
Added Pin To Net: NetName=Q48 Pin=U6-7
Added Net: Name=Q48
Added Pin To Net: NetName=Q49 Pin=U1-9
Added Pin To Net: NetName=Q49 Pin=U3-14
Added Net: Name=Q49
Added Pin To Net: NetName=SWDCLK Pin=P1-2
Added Pin To Net: NetName=SWDCLK Pin=U8-37
Added Net: Name=SWDCLK
Added Pin To Net: NetName=SWDIO Pin=P1-3
Added Pin To Net: NetName=SWDIO Pin=U8-34
Added Net: Name=SWDIO
Added Pin To Net: NetName=VCC_3V3_WIFI Pin=C18-2
Added Pin To Net: NetName=VCC_3V3_WIFI Pin=C21-1
Added Pin To Net: NetName=VCC_3V3_WIFI Pin=R61-1
Added Pin To Net: NetName=VCC_3V3_WIFI Pin=R63-2
Added Pin To Net: NetName=VCC_3V3_WIFI Pin=U7-2
Added Pin To Net: NetName=VCC_3V3_WIFI Pin=U11-1
Added Pin To Net: NetName=VCC_3V3_WIFI Pin=U11-8
Added Net: Name=VCC_3V3_WIFI
Added Pin To Net: NetName=VCC_5V0 Pin=C10-2
Added Pin To Net: NetName=VCC_5V0 Pin=C19-1
Added Pin To Net: NetName=VCC_5V0 Pin=C24-1
Added Pin To Net: NetName=VCC_5V0 Pin=C25-2
Added Pin To Net: NetName=VCC_5V0 Pin=C26-2
Added Pin To Net: NetName=VCC_5V0 Pin=C27-2
Added Pin To Net: NetName=VCC_5V0 Pin=C29-1
Added Pin To Net: NetName=VCC_5V0 Pin=L1-1
Added Pin To Net: NetName=VCC_5V0 Pin=R65-2
Added Pin To Net: NetName=VCC_5V0 Pin=R66-2
Added Pin To Net: NetName=VCC_5V0 Pin=U7-3
Added Pin To Net: NetName=VCC_5V0 Pin=U12-3
Added Net: Name=VCC_5V0
Added Pin To Net: NetName=VCC_12V Pin=C7-2
Added Pin To Net: NetName=VCC_12V Pin=DC1-1
Added Pin To Net: NetName=VCC_12V Pin=E1-1
Added Pin To Net: NetName=VCC_12V Pin=L2-1
Added Pin To Net: NetName=VCC_12V Pin=U10-2
Added Pin To Net: NetName=VCC_12V Pin=U13-2
Added Net: Name=VCC_12V
Added Pin To Net: NetName=VCC_170V Pin=E2-1
Added Pin To Net: NetName=VCC_170V Pin=L2-2
Added Pin To Net: NetName=VCC_170V Pin=Q45-3
Added Pin To Net: NetName=VCC_170V Pin=R1-2
Added Pin To Net: NetName=VCC_170V Pin=R13-2
Added Pin To Net: NetName=VCC_170V Pin=R25-2
Added Pin To Net: NetName=VCC_170V Pin=R37-2
Added Pin To Net: NetName=VCC_170V Pin=R69-2
Added Net: Name=VCC_170V
Added Class: Name=Controller
Added Class: Name=Nixie
Added Class: Name=PowerTree
Added Room: Name=Controller
Added Room: Name=Nixie
Added Room: Name=PowerTree
